2026/01/17 10:36:45 [notice] 1#1: using the "epoll" event method
2026/01/17 10:36:45 [notice] 1#1: nginx/1.29.4
2026/01/17 10:36:45 [notice] 1#1: built by gcc 15.2.0 (Alpine 15.2.0) 
2026/01/17 10:36:45 [notice] 1#1: OS: Linux 6.18.5-arch1-1
2026/01/17 10:36:45 [notice] 1#1: getrlimit(RLIMIT_NOFILE): 1024:524288
2026/01/17 10:36:45 [notice] 1#1: start worker processes
2026/01/17 10:36:45 [notice] 1#1: start worker process 30
2026/01/17 10:36:45 [notice] 1#1: start worker process 31
2026/01/17 10:36:45 [notice] 1#1: start worker process 32
2026/01/17 10:36:45 [notice] 1#1: start worker process 33
2026/01/17 10:36:45 [notice] 1#1: start worker process 34
2026/01/17 10:36:45 [notice] 1#1: start worker process 35
2026/01/17 10:36:45 [notice] 1#1: start worker process 36
2026/01/17 10:36:45 [notice] 1#1: start worker process 37
2026/01/17 10:36:45 [notice] 1#1: start worker process 38
2026/01/17 10:36:45 [notice] 1#1: start worker process 39
2026/01/17 10:36:45 [notice] 1#1: start worker process 40
2026/01/17 10:36:45 [notice] 1#1: start worker process 41
2026/01/17 10:36:45 [notice] 1#1: start worker process 42
2026/01/17 10:36:45 [notice] 1#1: start worker process 43
2026/01/17 10:36:45 [notice] 1#1: start worker process 44
2026/01/17 10:36:45 [notice] 1#1: start worker process 45
2026/01/17 10:46:25 [notice] 1#1: signal 3 (SIGQUIT) received, shutting down
2026/01/17 10:46:25 [notice] 31#31: gracefully shutting down
2026/01/17 10:46:25 [notice] 30#30: gracefully shutting down
2026/01/17 10:46:25 [notice] 32#32: gracefully shutting down
2026/01/17 10:46:25 [notice] 38#38: gracefully shutting down
2026/01/17 10:46:25 [notice] 31#31: exiting
2026/01/17 10:46:25 [notice] 33#33: gracefully shutting down
2026/01/17 10:46:25 [notice] 34#34: gracefully shutting down
2026/01/17 10:46:25 [notice] 39#39: gracefully shutting down
2026/01/17 10:46:25 [notice] 37#37: gracefully shutting down
2026/01/17 10:46:25 [notice] 35#35: gracefully shutting down
2026/01/17 10:46:25 [notice] 36#36: gracefully shutting down
2026/01/17 10:46:25 [notice] 40#40: gracefully shutting down
2026/01/17 10:46:25 [notice] 41#41: gracefully shutting down
2026/01/17 10:46:25 [notice] 43#43: gracefully shutting down
2026/01/17 10:46:25 [notice] 42#42: gracefully shutting down
2026/01/17 10:46:25 [notice] 30#30: exiting
2026/01/17 10:46:25 [notice] 38#38: exiting
2026/01/17 10:46:25 [notice] 32#32: exiting
2026/01/17 10:46:25 [notice] 45#45: gracefully shutting down
2026/01/17 10:46:25 [notice] 33#33: exiting
2026/01/17 10:46:25 [notice] 34#34: exiting
2026/01/17 10:46:25 [notice] 39#39: exiting
2026/01/17 10:46:25 [notice] 37#37: exiting
2026/01/17 10:46:25 [notice] 35#35: exiting
2026/01/17 10:46:25 [notice] 36#36: exiting
2026/01/17 10:46:25 [notice] 40#40: exiting
2026/01/17 10:46:25 [notice] 43#43: exiting
2026/01/17 10:46:25 [notice] 41#41: exiting
2026/01/17 10:46:25 [notice] 42#42: exiting
2026/01/17 10:46:25 [notice] 45#45: exiting
2026/01/17 10:46:25 [notice] 38#38: exit
2026/01/17 10:46:25 [notice] 43#43: exit
2026/01/17 10:46:25 [notice] 31#31: exit
2026/01/17 10:46:25 [notice] 33#33: exit
2026/01/17 10:46:25 [notice] 34#34: exit
2026/01/17 10:46:25 [notice] 30#30: exit
2026/01/17 10:46:25 [notice] 37#37: exit
2026/01/17 10:46:25 [notice] 39#39: exit
2026/01/17 10:46:25 [notice] 32#32: exit
2026/01/17 10:46:25 [notice] 45#45: exit
2026/01/17 10:46:25 [notice] 41#41: exit
2026/01/17 10:46:25 [notice] 35#35: exit
2026/01/17 10:46:25 [notice] 36#36: exit
2026/01/17 10:46:25 [notice] 42#42: exit
2026/01/17 10:46:25 [notice] 40#40: exit
2026/01/17 10:46:25 [notice] 44#44: gracefully shutting down
2026/01/17 10:46:25 [notice] 44#44: exiting
2026/01/17 10:46:25 [notice] 44#44: exit
2026/01/17 10:46:25 [notice] 1#1: signal 17 (SIGCHLD) received from 39
2026/01/17 10:46:25 [notice] 1#1: worker process 39 exited with code 0
2026/01/17 10:46:25 [notice] 1#1: signal 29 (SIGIO) received
2026/01/17 10:46:25 [notice] 1#1: signal 17 (SIGCHLD) received from 35
2026/01/17 10:46:25 [notice] 1#1: worker process 35 exited with code 0
2026/01/17 10:46:25 [notice] 1#1: worker process 40 exited with code 0
2026/01/17 10:46:25 [notice] 1#1: signal 29 (SIGIO) received
2026/01/17 10:46:25 [notice] 1#1: signal 17 (SIGCHLD) received from 31
2026/01/17 10:46:25 [notice] 1#1: worker process 31 exited with code 0
2026/01/17 10:46:25 [notice] 1#1: signal 29 (SIGIO) received
2026/01/17 10:46:25 [notice] 1#1: signal 17 (SIGCHLD) received from 36
2026/01/17 10:46:25 [notice] 1#1: worker process 36 exited with code 0
2026/01/17 10:46:25 [notice] 1#1: signal 29 (SIGIO) received
2026/01/17 10:46:25 [notice] 1#1: signal 17 (SIGCHLD) received from 30
2026/01/17 10:46:25 [notice] 1#1: worker process 30 exited with code 0
2026/01/17 10:46:25 [notice] 1#1: signal 29 (SIGIO) received
2026/01/17 10:46:25 [notice] 1#1: signal 17 (SIGCHLD) received from 37
2026/01/17 10:46:25 [notice] 1#1: worker process 37 exited with code 0
2026/01/17 10:46:25 [notice] 1#1: signal 29 (SIGIO) received
2026/01/17 10:46:25 [notice] 1#1: signal 17 (SIGCHLD) received from 43
2026/01/17 10:46:25 [notice] 1#1: worker process 42 exited with code 0
2026/01/17 10:46:25 [notice] 1#1: worker process 43 exited with code 0
2026/01/17 10:46:25 [notice] 1#1: worker process 44 exited with code 0
2026/01/17 10:46:25 [notice] 1#1: worker process 45 exited with code 0
2026/01/17 10:46:25 [notice] 1#1: signal 29 (SIGIO) received
2026/01/17 10:46:25 [notice] 1#1: signal 17 (SIGCHLD) received from 44
2026/01/17 10:46:25 [notice] 1#1: signal 17 (SIGCHLD) received from 33
2026/01/17 10:46:25 [notice] 1#1: worker process 33 exited with code 0
2026/01/17 10:46:25 [notice] 1#1: worker process 34 exited with code 0
2026/01/17 10:46:25 [notice] 1#1: signal 29 (SIGIO) received
2026/01/17 10:46:25 [notice] 1#1: signal 17 (SIGCHLD) received from 38
2026/01/17 10:46:25 [notice] 1#1: worker process 38 exited with code 0
2026/01/17 10:46:25 [notice] 1#1: signal 29 (SIGIO) received
2026/01/17 10:46:25 [notice] 1#1: signal 17 (SIGCHLD) received from 32
2026/01/17 10:46:25 [notice] 1#1: worker process 32 exited with code 0
2026/01/17 10:46:25 [notice] 1#1: signal 29 (SIGIO) received
2026/01/17 10:46:25 [notice] 1#1: signal 17 (SIGCHLD) received from 41
2026/01/17 10:46:25 [notice] 1#1: worker process 41 exited with code 0
2026/01/17 10:46:25 [notice] 1#1: exit
2026/01/17 10:46:30 [notice] 1#1: using the "epoll" event method
2026/01/17 10:46:30 [notice] 1#1: nginx/1.29.4
2026/01/17 10:46:30 [notice] 1#1: built by gcc 15.2.0 (Alpine 15.2.0) 
2026/01/17 10:46:30 [notice] 1#1: OS: Linux 6.18.5-arch1-1
2026/01/17 10:46:30 [notice] 1#1: getrlimit(RLIMIT_NOFILE): 1024:524288
2026/01/17 10:46:30 [notice] 1#1: start worker processes
2026/01/17 10:46:30 [notice] 1#1: start worker process 30
2026/01/17 10:46:30 [notice] 1#1: start worker process 31
2026/01/17 10:46:30 [notice] 1#1: start worker process 32
2026/01/17 10:46:30 [notice] 1#1: start worker process 33
2026/01/17 10:46:30 [notice] 1#1: start worker process 34
2026/01/17 10:46:30 [notice] 1#1: start worker process 35
2026/01/17 10:46:30 [notice] 1#1: start worker process 36
2026/01/17 10:46:30 [notice] 1#1: start worker process 37
2026/01/17 10:46:30 [notice] 1#1: start worker process 38
2026/01/17 10:46:30 [notice] 1#1: start worker process 39
2026/01/17 10:46:30 [notice] 1#1: start worker process 40
2026/01/17 10:46:30 [notice] 1#1: start worker process 41
2026/01/17 10:46:30 [notice] 1#1: start worker process 42
2026/01/17 10:46:30 [notice] 1#1: start worker process 43
2026/01/17 10:46:30 [notice] 1#1: start worker process 44
2026/01/17 10:46:30 [notice] 1#1: start worker process 45
2026/01/17 10:47:09 [notice] 1#1: signal 3 (SIGQUIT) received, shutting down
2026/01/17 10:47:09 [notice] 32#32: gracefully shutting down
2026/01/17 10:47:09 [notice] 33#33: gracefully shutting down
2026/01/17 10:47:09 [notice] 30#30: gracefully shutting down
2026/01/17 10:47:09 [notice] 31#31: gracefully shutting down
2026/01/17 10:47:09 [notice] 35#35: gracefully shutting down
2026/01/17 10:47:09 [notice] 33#33: exiting
2026/01/17 10:47:09 [notice] 32#32: exiting
2026/01/17 10:47:09 [notice] 37#37: gracefully shutting down
2026/01/17 10:47:09 [notice] 34#34: gracefully shutting down
2026/01/17 10:47:09 [notice] 38#38: gracefully shutting down
2026/01/17 10:47:09 [notice] 36#36: gracefully shutting down
2026/01/17 10:47:09 [notice] 30#30: exiting
2026/01/17 10:47:09 [notice] 40#40: gracefully shutting down
2026/01/17 10:47:09 [notice] 35#35: exiting
2026/01/17 10:47:09 [notice] 31#31: exiting
2026/01/17 10:47:09 [notice] 37#37: exiting
2026/01/17 10:47:09 [notice] 39#39: gracefully shutting down
2026/01/17 10:47:09 [notice] 38#38: exiting
2026/01/17 10:47:09 [notice] 34#34: exiting
2026/01/17 10:47:09 [notice] 40#40: exiting
2026/01/17 10:47:09 [notice] 36#36: exiting
2026/01/17 10:47:09 [notice] 44#44: gracefully shutting down
2026/01/17 10:47:09 [notice] 39#39: exiting
2026/01/17 10:47:09 [notice] 41#41: gracefully shutting down
2026/01/17 10:47:09 [notice] 44#44: exiting
2026/01/17 10:47:09 [notice] 41#41: exiting
2026/01/17 10:47:09 [notice] 33#33: exit
2026/01/17 10:47:09 [notice] 35#35: exit
2026/01/17 10:47:09 [notice] 40#40: exit
2026/01/17 10:47:09 [notice] 32#32: exit
2026/01/17 10:47:09 [notice] 37#37: exit
2026/01/17 10:47:09 [notice] 38#38: exit
2026/01/17 10:47:09 [notice] 44#44: exit
2026/01/17 10:47:09 [notice] 30#30: exit
2026/01/17 10:47:09 [notice] 36#36: exit
2026/01/17 10:47:09 [notice] 31#31: exit
2026/01/17 10:47:09 [notice] 41#41: exit
2026/01/17 10:47:09 [notice] 34#34: exit
2026/01/17 10:47:09 [notice] 39#39: exit
2026/01/17 10:47:09 [notice] 42#42: gracefully shutting down
2026/01/17 10:47:09 [notice] 42#42: exiting
2026/01/17 10:47:09 [notice] 45#45: gracefully shutting down
2026/01/17 10:47:09 [notice] 45#45: exiting
2026/01/17 10:47:09 [notice] 43#43: gracefully shutting down
2026/01/17 10:47:09 [notice] 43#43: exiting
2026/01/17 10:47:09 [notice] 45#45: exit
2026/01/17 10:47:09 [notice] 43#43: exit
2026/01/17 10:47:09 [notice] 42#42: exit
2026/01/17 10:47:09 [notice] 1#1: signal 17 (SIGCHLD) received from 34
2026/01/17 10:47:09 [notice] 1#1: worker process 34 exited with code 0
2026/01/17 10:47:09 [notice] 1#1: worker process 36 exited with code 0
2026/01/17 10:47:09 [notice] 1#1: worker process 31 exited with code 0
2026/01/17 10:47:09 [notice] 1#1: worker process 37 exited with code 0
2026/01/17 10:47:09 [notice] 1#1: worker process 38 exited with code 0
2026/01/17 10:47:09 [notice] 1#1: worker process 40 exited with code 0
2026/01/17 10:47:09 [notice] 1#1: worker process 32 exited with code 0
2026/01/17 10:47:09 [notice] 1#1: worker process 45 exited with code 0
2026/01/17 10:47:09 [notice] 1#1: signal 29 (SIGIO) received
2026/01/17 10:47:09 [notice] 1#1: signal 17 (SIGCHLD) received from 36
2026/01/17 10:47:09 [notice] 1#1: signal 17 (SIGCHLD) received from 44
2026/01/17 10:47:09 [notice] 1#1: worker process 41 exited with code 0
2026/01/17 10:47:09 [notice] 1#1: worker process 44 exited with code 0
2026/01/17 10:47:09 [notice] 1#1: signal 29 (SIGIO) received
2026/01/17 10:47:09 [notice] 1#1: signal 17 (SIGCHLD) received from 41
2026/01/17 10:47:09 [notice] 1#1: signal 17 (SIGCHLD) received from 33
2026/01/17 10:47:09 [notice] 1#1: worker process 33 exited with code 0
2026/01/17 10:47:09 [notice] 1#1: signal 29 (SIGIO) received
2026/01/17 10:47:09 [notice] 1#1: signal 17 (SIGCHLD) received from 35
2026/01/17 10:47:09 [notice] 1#1: worker process 30 exited with code 0
2026/01/17 10:47:09 [notice] 1#1: worker process 35 exited with code 0
2026/01/17 10:47:09 [notice] 1#1: signal 29 (SIGIO) received
2026/01/17 10:47:09 [notice] 1#1: signal 17 (SIGCHLD) received from 30
2026/01/17 10:47:09 [notice] 1#1: signal 17 (SIGCHLD) received from 42
2026/01/17 10:47:09 [notice] 1#1: worker process 42 exited with code 0
2026/01/17 10:47:09 [notice] 1#1: worker process 43 exited with code 0
2026/01/17 10:47:09 [notice] 1#1: signal 29 (SIGIO) received
2026/01/17 10:47:09 [notice] 1#1: signal 17 (SIGCHLD) received from 39
2026/01/17 10:47:09 [notice] 1#1: worker process 39 exited with code 0
2026/01/17 10:47:09 [notice] 1#1: exit
2026/01/17 10:47:09 [notice] 1#1: using the "epoll" event method
2026/01/17 10:47:09 [notice] 1#1: nginx/1.29.4
2026/01/17 10:47:09 [notice] 1#1: built by gcc 15.2.0 (Alpine 15.2.0) 
2026/01/17 10:47:09 [notice] 1#1: OS: Linux 6.18.5-arch1-1
2026/01/17 10:47:09 [notice] 1#1: getrlimit(RLIMIT_NOFILE): 1024:524288
2026/01/17 10:47:09 [notice] 1#1: start worker processes
2026/01/17 10:47:09 [notice] 1#1: start worker process 23
2026/01/17 10:47:09 [notice] 1#1: start worker process 24
2026/01/17 10:47:09 [notice] 1#1: start worker process 25
2026/01/17 10:47:09 [notice] 1#1: start worker process 26
2026/01/17 10:47:09 [notice] 1#1: start worker process 27
2026/01/17 10:47:09 [notice] 1#1: start worker process 28
2026/01/17 10:47:09 [notice] 1#1: start worker process 29
2026/01/17 10:47:09 [notice] 1#1: start worker process 30
2026/01/17 10:47:09 [notice] 1#1: start worker process 31
2026/01/17 10:47:09 [notice] 1#1: start worker process 32
2026/01/17 10:47:09 [notice] 1#1: start worker process 33
2026/01/17 10:47:09 [notice] 1#1: start worker process 34
2026/01/17 10:47:09 [notice] 1#1: start worker process 35
2026/01/17 10:47:09 [notice] 1#1: start worker process 36
2026/01/17 10:47:09 [notice] 1#1: start worker process 37
2026/01/17 10:47:09 [notice] 1#1: start worker process 38
2026/01/17 10:48:03 [notice] 1#1: signal 3 (SIGQUIT) received, shutting down
2026/01/17 10:48:03 [notice] 23#23: gracefully shutting down
2026/01/17 10:48:03 [notice] 24#24: gracefully shutting down
2026/01/17 10:48:03 [notice] 25#25: gracefully shutting down
2026/01/17 10:48:03 [notice] 27#27: gracefully shutting down
2026/01/17 10:48:03 [notice] 26#26: gracefully shutting down
2026/01/17 10:48:03 [notice] 29#29: gracefully shutting down
2026/01/17 10:48:03 [notice] 30#30: gracefully shutting down
2026/01/17 10:48:03 [notice] 28#28: gracefully shutting down
2026/01/17 10:48:03 [notice] 23#23: exiting
2026/01/17 10:48:03 [notice] 33#33: gracefully shutting down
2026/01/17 10:48:03 [notice] 36#36: gracefully shutting down
2026/01/17 10:48:03 [notice] 24#24: exiting
2026/01/17 10:48:03 [notice] 31#31: gracefully shutting down
2026/01/17 10:48:03 [notice] 32#32: gracefully shutting down
2026/01/17 10:48:03 [notice] 25#25: exiting
2026/01/17 10:48:03 [notice] 27#27: exiting
2026/01/17 10:48:03 [notice] 26#26: exiting
2026/01/17 10:48:03 [notice] 29#29: exiting
2026/01/17 10:48:03 [notice] 30#30: exiting
2026/01/17 10:48:03 [notice] 34#34: gracefully shutting down
2026/01/17 10:48:03 [notice] 28#28: exiting
2026/01/17 10:48:03 [notice] 33#33: exiting
2026/01/17 10:48:03 [notice] 35#35: gracefully shutting down
2026/01/17 10:48:03 [notice] 36#36: exiting
2026/01/17 10:48:03 [notice] 38#38: gracefully shutting down
2026/01/17 10:48:03 [notice] 31#31: exiting
2026/01/17 10:48:03 [notice] 32#32: exiting
2026/01/17 10:48:03 [notice] 34#34: exiting
2026/01/17 10:48:03 [notice] 35#35: exiting
2026/01/17 10:48:03 [notice] 38#38: exiting
2026/01/17 10:48:03 [notice] 33#33: exit
2026/01/17 10:48:03 [notice] 27#27: exit
2026/01/17 10:48:03 [notice] 23#23: exit
2026/01/17 10:48:03 [notice] 26#26: exit
2026/01/17 10:48:03 [notice] 29#29: exit
2026/01/17 10:48:03 [notice] 24#24: exit
2026/01/17 10:48:03 [notice] 30#30: exit
2026/01/17 10:48:03 [notice] 28#28: exit
2026/01/17 10:48:03 [notice] 36#36: exit
2026/01/17 10:48:03 [notice] 34#34: exit
2026/01/17 10:48:03 [notice] 31#31: exit
2026/01/17 10:48:03 [notice] 32#32: exit
2026/01/17 10:48:03 [notice] 38#38: exit
2026/01/17 10:48:03 [notice] 35#35: exit
2026/01/17 10:48:03 [notice] 25#25: exit
2026/01/17 10:48:03 [notice] 37#37: gracefully shutting down
2026/01/17 10:48:03 [notice] 37#37: exiting
2026/01/17 10:48:03 [notice] 37#37: exit
2026/01/17 10:48:03 [notice] 1#1: signal 17 (SIGCHLD) received from 36
2026/01/17 10:48:03 [notice] 1#1: worker process 29 exited with code 0
2026/01/17 10:48:03 [notice] 1#1: worker process 36 exited with code 0
2026/01/17 10:48:03 [notice] 1#1: signal 29 (SIGIO) received
2026/01/17 10:48:03 [notice] 1#1: signal 17 (SIGCHLD) received from 29
2026/01/17 10:48:03 [notice] 1#1: signal 17 (SIGCHLD) received from 33
2026/01/17 10:48:03 [notice] 1#1: worker process 33 exited with code 0
2026/01/17 10:48:03 [notice] 1#1: signal 29 (SIGIO) received
2026/01/17 10:48:03 [notice] 1#1: signal 17 (SIGCHLD) received from 27
2026/01/17 10:48:03 [notice] 1#1: worker process 27 exited with code 0
2026/01/17 10:48:03 [notice] 1#1: worker process 31 exited with code 0
2026/01/17 10:48:03 [notice] 1#1: worker process 32 exited with code 0
2026/01/17 10:48:03 [notice] 1#1: signal 29 (SIGIO) received
2026/01/17 10:48:03 [notice] 1#1: signal 17 (SIGCHLD) received from 32
2026/01/17 10:48:03 [notice] 1#1: worker process 23 exited with code 0
2026/01/17 10:48:03 [notice] 1#1: signal 29 (SIGIO) received
2026/01/17 10:48:03 [notice] 1#1: signal 17 (SIGCHLD) received from 34
2026/01/17 10:48:03 [notice] 1#1: worker process 34 exited with code 0
2026/01/17 10:48:03 [notice] 1#1: signal 29 (SIGIO) received
2026/01/17 10:48:03 [notice] 1#1: signal 17 (SIGCHLD) received from 26
2026/01/17 10:48:03 [notice] 1#1: worker process 26 exited with code 0
2026/01/17 10:48:03 [notice] 1#1: signal 29 (SIGIO) received
2026/01/17 10:48:03 [notice] 1#1: signal 17 (SIGCHLD) received from 24
2026/01/17 10:48:03 [notice] 1#1: worker process 24 exited with code 0
2026/01/17 10:48:03 [notice] 1#1: worker process 25 exited with code 0
2026/01/17 10:48:03 [notice] 1#1: signal 29 (SIGIO) received
2026/01/17 10:48:03 [notice] 1#1: signal 17 (SIGCHLD) received from 25
2026/01/17 10:48:03 [notice] 1#1: signal 17 (SIGCHLD) received from 28
2026/01/17 10:48:03 [notice] 1#1: worker process 28 exited with code 0
2026/01/17 10:48:03 [notice] 1#1: worker process 30 exited with code 0
2026/01/17 10:48:03 [notice] 1#1: worker process 37 exited with code 0
2026/01/17 10:48:03 [notice] 1#1: worker process 38 exited with code 0
2026/01/17 10:48:03 [notice] 1#1: signal 29 (SIGIO) received
2026/01/17 10:48:03 [notice] 1#1: signal 17 (SIGCHLD) received from 30
2026/01/17 10:48:03 [notice] 1#1: signal 17 (SIGCHLD) received from 35
2026/01/17 10:48:03 [notice] 1#1: worker process 35 exited with code 0
2026/01/17 10:48:03 [notice] 1#1: exit
2026/01/17 10:48:18 [notice] 1#1: using the "epoll" event method
2026/01/17 10:48:18 [notice] 1#1: nginx/1.29.4
2026/01/17 10:48:18 [notice] 1#1: built by gcc 15.2.0 (Alpine 15.2.0) 
2026/01/17 10:48:18 [notice] 1#1: OS: Linux 6.18.5-arch1-1
2026/01/17 10:48:18 [notice] 1#1: getrlimit(RLIMIT_NOFILE): 1024:524288
2026/01/17 10:48:18 [notice] 1#1: start worker processes
2026/01/17 10:48:18 [notice] 1#1: start worker process 30
2026/01/17 10:48:18 [notice] 1#1: start worker process 31
2026/01/17 10:48:18 [notice] 1#1: start worker process 32
2026/01/17 10:48:18 [notice] 1#1: start worker process 33
2026/01/17 10:48:18 [notice] 1#1: start worker process 34
2026/01/17 10:48:18 [notice] 1#1: start worker process 35
2026/01/17 10:48:18 [notice] 1#1: start worker process 36
2026/01/17 10:48:18 [notice] 1#1: start worker process 37
2026/01/17 10:48:18 [notice] 1#1: start worker process 38
2026/01/17 10:48:18 [notice] 1#1: start worker process 39
2026/01/17 10:48:18 [notice] 1#1: start worker process 40
2026/01/17 10:48:18 [notice] 1#1: start worker process 41
2026/01/17 10:48:18 [notice] 1#1: start worker process 42
2026/01/17 10:48:18 [notice] 1#1: start worker process 43
2026/01/17 10:48:18 [notice] 1#1: start worker process 44
2026/01/17 10:48:18 [notice] 1#1: start worker process 45
2026/01/17 10:49:33 [notice] 1#1: signal 3 (SIGQUIT) received, shutting down
2026/01/17 10:49:33 [notice] 31#31: gracefully shutting down
2026/01/17 10:49:33 [notice] 30#30: gracefully shutting down
2026/01/17 10:49:33 [notice] 32#32: gracefully shutting down
2026/01/17 10:49:33 [notice] 33#33: gracefully shutting down
2026/01/17 10:49:33 [notice] 31#31: exiting
2026/01/17 10:49:33 [notice] 34#34: gracefully shutting down
2026/01/17 10:49:33 [notice] 37#37: gracefully shutting down
2026/01/17 10:49:33 [notice] 35#35: gracefully shutting down
2026/01/17 10:49:33 [notice] 30#30: exiting
2026/01/17 10:49:33 [notice] 32#32: exiting
2026/01/17 10:49:33 [notice] 33#33: exiting
2026/01/17 10:49:33 [notice] 37#37: exiting
2026/01/17 10:49:33 [notice] 36#36: gracefully shutting down
2026/01/17 10:49:33 [notice] 34#34: exiting
2026/01/17 10:49:33 [notice] 38#38: gracefully shutting down
2026/01/17 10:49:33 [notice] 35#35: exiting
2026/01/17 10:49:33 [notice] 39#39: gracefully shutting down
2026/01/17 10:49:33 [notice] 41#41: gracefully shutting down
2026/01/17 10:49:33 [notice] 42#42: gracefully shutting down
2026/01/17 10:49:33 [notice] 36#36: exiting
2026/01/17 10:49:33 [notice] 38#38: exiting
2026/01/17 10:49:33 [notice] 39#39: exiting
2026/01/17 10:49:33 [notice] 41#41: exiting
2026/01/17 10:49:33 [notice] 44#44: gracefully shutting down
2026/01/17 10:49:33 [notice] 42#42: exiting
2026/01/17 10:49:33 [notice] 40#40: gracefully shutting down
2026/01/17 10:49:33 [notice] 44#44: exiting
2026/01/17 10:49:33 [notice] 40#40: exiting
2026/01/17 10:49:33 [notice] 31#31: exit
2026/01/17 10:49:33 [notice] 32#32: exit
2026/01/17 10:49:33 [notice] 33#33: exit
2026/01/17 10:49:33 [notice] 37#37: exit
2026/01/17 10:49:33 [notice] 35#35: exit
2026/01/17 10:49:33 [notice] 30#30: exit
2026/01/17 10:49:33 [notice] 41#41: exit
2026/01/17 10:49:33 [notice] 36#36: exit
2026/01/17 10:49:33 [notice] 34#34: exit
2026/01/17 10:49:33 [notice] 38#38: exit
2026/01/17 10:49:33 [notice] 39#39: exit
2026/01/17 10:49:33 [notice] 44#44: exit
2026/01/17 10:49:33 [notice] 42#42: exit
2026/01/17 10:49:33 [notice] 40#40: exit
2026/01/17 10:49:33 [notice] 43#43: gracefully shutting down
2026/01/17 10:49:33 [notice] 43#43: exiting
2026/01/17 10:49:33 [notice] 43#43: exit
2026/01/17 10:49:33 [notice] 45#45: gracefully shutting down
2026/01/17 10:49:33 [notice] 45#45: exiting
2026/01/17 10:49:33 [notice] 45#45: exit
2026/01/17 10:49:33 [notice] 1#1: signal 17 (SIGCHLD) received from 44
2026/01/17 10:49:33 [notice] 1#1: worker process 44 exited with code 0
2026/01/17 10:49:33 [notice] 1#1: signal 29 (SIGIO) received
2026/01/17 10:49:33 [notice] 1#1: signal 17 (SIGCHLD) received from 33
2026/01/17 10:49:33 [notice] 1#1: worker process 32 exited with code 0
2026/01/17 10:49:33 [notice] 1#1: worker process 33 exited with code 0
2026/01/17 10:49:33 [notice] 1#1: signal 29 (SIGIO) received
2026/01/17 10:49:33 [notice] 1#1: signal 17 (SIGCHLD) received from 30
2026/01/17 10:49:33 [notice] 1#1: worker process 30 exited with code 0
2026/01/17 10:49:33 [notice] 1#1: signal 29 (SIGIO) received
2026/01/17 10:49:33 [notice] 1#1: signal 17 (SIGCHLD) received from 39
2026/01/17 10:49:33 [notice] 1#1: worker process 39 exited with code 0
2026/01/17 10:49:33 [notice] 1#1: signal 29 (SIGIO) received
2026/01/17 10:49:33 [notice] 1#1: signal 17 (SIGCHLD) received from 36
2026/01/17 10:49:33 [notice] 1#1: worker process 35 exited with code 0
2026/01/17 10:49:33 [notice] 1#1: worker process 36 exited with code 0
2026/01/17 10:49:33 [notice] 1#1: signal 29 (SIGIO) received
2026/01/17 10:49:33 [notice] 1#1: signal 17 (SIGCHLD) received from 43
2026/01/17 10:49:33 [notice] 1#1: worker process 43 exited with code 0
2026/01/17 10:49:33 [notice] 1#1: signal 29 (SIGIO) received
2026/01/17 10:49:33 [notice] 1#1: signal 17 (SIGCHLD) received from 37
2026/01/17 10:49:33 [notice] 1#1: worker process 34 exited with code 0
2026/01/17 10:49:33 [notice] 1#1: worker process 37 exited with code 0
2026/01/17 10:49:33 [notice] 1#1: signal 29 (SIGIO) received
2026/01/17 10:49:33 [notice] 1#1: signal 17 (SIGCHLD) received from 34
2026/01/17 10:49:33 [notice] 1#1: signal 17 (SIGCHLD) received from 45
2026/01/17 10:49:33 [notice] 1#1: worker process 45 exited with code 0
2026/01/17 10:49:33 [notice] 1#1: signal 29 (SIGIO) received
2026/01/17 10:49:33 [notice] 1#1: signal 17 (SIGCHLD) received from 41
2026/01/17 10:49:33 [notice] 1#1: worker process 38 exited with code 0
2026/01/17 10:49:33 [notice] 1#1: worker process 41 exited with code 0
2026/01/17 10:49:33 [notice] 1#1: signal 29 (SIGIO) received
2026/01/17 10:49:33 [notice] 1#1: signal 17 (SIGCHLD) received from 42
2026/01/17 10:49:33 [notice] 1#1: worker process 40 exited with code 0
2026/01/17 10:49:33 [notice] 1#1: worker process 42 exited with code 0
2026/01/17 10:49:33 [notice] 1#1: signal 29 (SIGIO) received
2026/01/17 10:49:33 [notice] 1#1: signal 17 (SIGCHLD) received from 31
2026/01/17 10:49:33 [notice] 1#1: worker process 31 exited with code 0
2026/01/17 10:49:33 [notice] 1#1: exit
2026/01/17 10:50:09 [notice] 1#1: using the "epoll" event method
2026/01/17 10:50:09 [notice] 1#1: nginx/1.29.4
2026/01/17 10:50:09 [notice] 1#1: built by gcc 15.2.0 (Alpine 15.2.0) 
2026/01/17 10:50:09 [notice] 1#1: OS: Linux 6.18.5-arch1-1
2026/01/17 10:50:09 [notice] 1#1: getrlimit(RLIMIT_NOFILE): 1024:524288
2026/01/17 10:50:09 [notice] 1#1: start worker processes
2026/01/17 10:50:09 [notice] 1#1: start worker process 30
2026/01/17 10:50:09 [notice] 1#1: start worker process 31
2026/01/17 10:50:09 [notice] 1#1: start worker process 32
2026/01/17 10:50:09 [notice] 1#1: start worker process 33
2026/01/17 10:50:09 [notice] 1#1: start worker process 34
2026/01/17 10:50:09 [notice] 1#1: start worker process 35
2026/01/17 10:50:09 [notice] 1#1: start worker process 36
2026/01/17 10:50:09 [notice] 1#1: start worker process 37
2026/01/17 10:50:09 [notice] 1#1: start worker process 38
2026/01/17 10:50:09 [notice] 1#1: start worker process 39
2026/01/17 10:50:09 [notice] 1#1: start worker process 40
2026/01/17 10:50:09 [notice] 1#1: start worker process 41
2026/01/17 10:50:09 [notice] 1#1: start worker process 42
2026/01/17 10:50:09 [notice] 1#1: start worker process 43
2026/01/17 10:50:09 [notice] 1#1: start worker process 44
2026/01/17 10:50:09 [notice] 1#1: start worker process 45
2026/01/17 10:53:05 [error] 30#30: *1 directory index of "/usr/share/nginx/html/" is forbidden, client: 172.18.0.1, server: localhost, request: "GET / HTTP/1.1", host: "localhost"
2026/01/17 10:53:05 [error] 30#30: *1 open() "/usr/share/nginx/html/favicon.ico" failed (2: No such file or directory), client: 172.18.0.1, server: localhost, request: "GET /favicon.ico HTTP/1.1", host: "localhost", referrer: "http://localhost/"
2026/01/17 10:53:26 [notice] 1#1: signal 3 (SIGQUIT) received, shutting down
2026/01/17 10:53:26 [notice] 30#30: gracefully shutting down
2026/01/17 10:53:26 [notice] 31#31: gracefully shutting down
2026/01/17 10:53:26 [notice] 35#35: gracefully shutting down
2026/01/17 10:53:26 [notice] 32#32: gracefully shutting down
2026/01/17 10:53:26 [notice] 33#33: gracefully shutting down
2026/01/17 10:53:26 [notice] 34#34: gracefully shutting down
2026/01/17 10:53:26 [notice] 36#36: gracefully shutting down
2026/01/17 10:53:26 [notice] 38#38: gracefully shutting down
2026/01/17 10:53:26 [notice] 31#31: exiting
2026/01/17 10:53:26 [notice] 39#39: gracefully shutting down
2026/01/17 10:53:26 [notice] 35#35: exiting
2026/01/17 10:53:26 [notice] 37#37: gracefully shutting down
2026/01/17 10:53:26 [notice] 41#41: gracefully shutting down
2026/01/17 10:53:26 [notice] 40#40: gracefully shutting down
2026/01/17 10:53:26 [notice] 32#32: exiting
2026/01/17 10:53:26 [notice] 33#33: exiting
2026/01/17 10:53:26 [notice] 42#42: gracefully shutting down
2026/01/17 10:53:26 [notice] 36#36: exiting
2026/01/17 10:53:26 [notice] 34#34: exiting
2026/01/17 10:53:26 [notice] 38#38: exiting
2026/01/17 10:53:26 [notice] 39#39: exiting
2026/01/17 10:53:26 [notice] 37#37: exiting
2026/01/17 10:53:26 [notice] 44#44: gracefully shutting down
2026/01/17 10:53:26 [notice] 40#40: exiting
2026/01/17 10:53:26 [notice] 43#43: gracefully shutting down
2026/01/17 10:53:26 [notice] 42#42: exiting
2026/01/17 10:53:26 [notice] 44#44: exiting
2026/01/17 10:53:26 [notice] 30#30: exiting
2026/01/17 10:53:26 [notice] 43#43: exiting
2026/01/17 10:53:26 [notice] 39#39: exit
2026/01/17 10:53:26 [notice] 35#35: exit
2026/01/17 10:53:26 [notice] 36#36: exit
2026/01/17 10:53:26 [notice] 38#38: exit
2026/01/17 10:53:26 [notice] 41#41: exiting
2026/01/17 10:53:26 [notice] 42#42: exit
2026/01/17 10:53:26 [notice] 33#33: exit
2026/01/17 10:53:26 [notice] 31#31: exit
2026/01/17 10:53:26 [notice] 32#32: exit
2026/01/17 10:53:26 [notice] 40#40: exit
2026/01/17 10:53:26 [notice] 43#43: exit
2026/01/17 10:53:26 [notice] 44#44: exit
2026/01/17 10:53:26 [notice] 34#34: exit
2026/01/17 10:53:26 [notice] 37#37: exit
2026/01/17 10:53:26 [notice] 30#30: exit
2026/01/17 10:53:26 [notice] 41#41: exit
2026/01/17 10:53:26 [notice] 45#45: gracefully shutting down
2026/01/17 10:53:26 [notice] 45#45: exiting
2026/01/17 10:53:26 [notice] 45#45: exit
2026/01/17 10:53:26 [notice] 1#1: signal 17 (SIGCHLD) received from 39
2026/01/17 10:53:26 [notice] 1#1: worker process 31 exited with code 0
2026/01/17 10:53:26 [notice] 1#1: worker process 39 exited with code 0
2026/01/17 10:53:26 [notice] 1#1: worker process 30 exited with code 0
2026/01/17 10:53:26 [notice] 1#1: signal 29 (SIGIO) received
2026/01/17 10:53:26 [notice] 1#1: signal 17 (SIGCHLD) received from 30
2026/01/17 10:53:26 [notice] 1#1: signal 17 (SIGCHLD) received from 32
2026/01/17 10:53:26 [notice] 1#1: worker process 32 exited with code 0
2026/01/17 10:53:26 [notice] 1#1: worker process 41 exited with code 0
2026/01/17 10:53:26 [notice] 1#1: worker process 45 exited with code 0
2026/01/17 10:53:26 [notice] 1#1: signal 29 (SIGIO) received
2026/01/17 10:53:26 [notice] 1#1: signal 17 (SIGCHLD) received from 38
2026/01/17 10:53:26 [notice] 1#1: worker process 38 exited with code 0
2026/01/17 10:53:26 [notice] 1#1: worker process 43 exited with code 0
2026/01/17 10:53:26 [notice] 1#1: worker process 44 exited with code 0
2026/01/17 10:53:26 [notice] 1#1: signal 29 (SIGIO) received
2026/01/17 10:53:26 [notice] 1#1: signal 17 (SIGCHLD) received from 40
2026/01/17 10:53:26 [notice] 1#1: worker process 40 exited with code 0
2026/01/17 10:53:26 [notice] 1#1: signal 29 (SIGIO) received
2026/01/17 10:53:26 [notice] 1#1: signal 17 (SIGCHLD) received from 33
2026/01/17 10:53:26 [notice] 1#1: worker process 33 exited with code 0
2026/01/17 10:53:26 [notice] 1#1: signal 29 (SIGIO) received
2026/01/17 10:53:26 [notice] 1#1: signal 17 (SIGCHLD) received from 42
2026/01/17 10:53:26 [notice] 1#1: worker process 42 exited with code 0
2026/01/17 10:53:26 [notice] 1#1: signal 29 (SIGIO) received
2026/01/17 10:53:26 [notice] 1#1: signal 17 (SIGCHLD) received from 37
2026/01/17 10:53:26 [notice] 1#1: worker process 37 exited with code 0
2026/01/17 10:53:26 [notice] 1#1: signal 29 (SIGIO) received
2026/01/17 10:53:26 [notice] 1#1: signal 17 (SIGCHLD) received from 36
2026/01/17 10:53:26 [notice] 1#1: worker process 36 exited with code 0
2026/01/17 10:53:26 [notice] 1#1: signal 29 (SIGIO) received
2026/01/17 10:53:26 [notice] 1#1: signal 17 (SIGCHLD) received from 34
2026/01/17 10:53:26 [notice] 1#1: worker process 34 exited with code 0
2026/01/17 10:53:26 [notice] 1#1: signal 29 (SIGIO) received
2026/01/17 10:53:26 [notice] 1#1: signal 17 (SIGCHLD) received from 35
2026/01/17 10:53:26 [notice] 1#1: worker process 35 exited with code 0
2026/01/17 10:53:26 [notice] 1#1: exit
2026/01/17 10:53:34 [notice] 1#1: using the "epoll" event method
2026/01/17 10:53:34 [notice] 1#1: nginx/1.29.4
2026/01/17 10:53:34 [notice] 1#1: built by gcc 15.2.0 (Alpine 15.2.0) 
2026/01/17 10:53:34 [notice] 1#1: OS: Linux 6.18.5-arch1-1
2026/01/17 10:53:34 [notice] 1#1: getrlimit(RLIMIT_NOFILE): 1024:524288
2026/01/17 10:53:34 [notice] 1#1: start worker processes
2026/01/17 10:53:34 [notice] 1#1: start worker process 30
2026/01/17 10:53:34 [notice] 1#1: start worker process 31
2026/01/17 10:53:34 [notice] 1#1: start worker process 32
2026/01/17 10:53:34 [notice] 1#1: start worker process 33
2026/01/17 10:53:34 [notice] 1#1: start worker process 34
2026/01/17 10:53:34 [notice] 1#1: start worker process 35
2026/01/17 10:53:34 [notice] 1#1: start worker process 36
2026/01/17 10:53:34 [notice] 1#1: start worker process 37
2026/01/17 10:53:34 [notice] 1#1: start worker process 38
2026/01/17 10:53:34 [notice] 1#1: start worker process 39
2026/01/17 10:53:34 [notice] 1#1: start worker process 40
2026/01/17 10:53:34 [notice] 1#1: start worker process 41
2026/01/17 10:53:34 [notice] 1#1: start worker process 42
2026/01/17 10:53:34 [notice] 1#1: start worker process 43
2026/01/17 10:53:34 [notice] 1#1: start worker process 44
2026/01/17 10:53:34 [notice] 1#1: start worker process 45
2026/01/17 10:57:28 [notice] 1#1: signal 3 (SIGQUIT) received, shutting down
2026/01/17 10:57:28 [notice] 30#30: gracefully shutting down
2026/01/17 10:57:28 [notice] 33#33: gracefully shutting down
2026/01/17 10:57:28 [notice] 31#31: gracefully shutting down
2026/01/17 10:57:28 [notice] 32#32: gracefully shutting down
2026/01/17 10:57:28 [notice] 34#34: gracefully shutting down
2026/01/17 10:57:28 [notice] 36#36: gracefully shutting down
2026/01/17 10:57:28 [notice] 33#33: exiting
2026/01/17 10:57:28 [notice] 30#30: exiting
2026/01/17 10:57:28 [notice] 35#35: gracefully shutting down
2026/01/17 10:57:28 [notice] 38#38: gracefully shutting down
2026/01/17 10:57:28 [notice] 37#37: gracefully shutting down
2026/01/17 10:57:28 [notice] 31#31: exiting
2026/01/17 10:57:28 [notice] 32#32: exiting
2026/01/17 10:57:28 [notice] 39#39: gracefully shutting down
2026/01/17 10:57:28 [notice] 34#34: exiting
2026/01/17 10:57:28 [notice] 36#36: exiting
2026/01/17 10:57:28 [notice] 41#41: gracefully shutting down
2026/01/17 10:57:28 [notice] 38#38: exiting
2026/01/17 10:57:28 [notice] 40#40: gracefully shutting down
2026/01/17 10:57:28 [notice] 35#35: exiting
2026/01/17 10:57:28 [notice] 37#37: exiting
2026/01/17 10:57:28 [notice] 39#39: exiting
2026/01/17 10:57:28 [notice] 41#41: exiting
2026/01/17 10:57:28 [notice] 40#40: exiting
2026/01/17 10:57:28 [notice] 42#42: gracefully shutting down
2026/01/17 10:57:28 [notice] 44#44: gracefully shutting down
2026/01/17 10:57:28 [notice] 42#42: exiting
2026/01/17 10:57:28 [notice] 44#44: exiting
2026/01/17 10:57:28 [notice] 33#33: exit
2026/01/17 10:57:28 [notice] 36#36: exit
2026/01/17 10:57:28 [notice] 39#39: exit
2026/01/17 10:57:28 [notice] 31#31: exit
2026/01/17 10:57:28 [notice] 30#30: exit
2026/01/17 10:57:28 [notice] 40#40: exit
2026/01/17 10:57:28 [notice] 38#38: exit
2026/01/17 10:57:28 [notice] 41#41: exit
2026/01/17 10:57:28 [notice] 35#35: exit
2026/01/17 10:57:28 [notice] 37#37: exit
2026/01/17 10:57:28 [notice] 42#42: exit
2026/01/17 10:57:28 [notice] 44#44: exit
2026/01/17 10:57:28 [notice] 45#45: gracefully shutting down
2026/01/17 10:57:28 [notice] 45#45: exiting
2026/01/17 10:57:28 [notice] 43#43: gracefully shutting down
2026/01/17 10:57:28 [notice] 43#43: exiting
2026/01/17 10:57:28 [notice] 32#32: exit
2026/01/17 10:57:28 [notice] 34#34: exit
2026/01/17 10:57:28 [notice] 43#43: exit
2026/01/17 10:57:28 [notice] 45#45: exit
2026/01/17 10:57:28 [notice] 1#1: signal 17 (SIGCHLD) received from 32
2026/01/17 10:57:28 [notice] 1#1: worker process 32 exited with code 0
2026/01/17 10:57:28 [notice] 1#1: signal 29 (SIGIO) received
2026/01/17 10:57:28 [notice] 1#1: signal 17 (SIGCHLD) received from 40
2026/01/17 10:57:28 [notice] 1#1: worker process 40 exited with code 0
2026/01/17 10:57:28 [notice] 1#1: signal 29 (SIGIO) received
2026/01/17 10:57:28 [notice] 1#1: signal 17 (SIGCHLD) received from 36
2026/01/17 10:57:28 [notice] 1#1: worker process 36 exited with code 0
2026/01/17 10:57:28 [notice] 1#1: signal 29 (SIGIO) received
2026/01/17 10:57:28 [notice] 1#1: signal 17 (SIGCHLD) received from 31
2026/01/17 10:57:28 [notice] 1#1: worker process 31 exited with code 0
2026/01/17 10:57:28 [notice] 1#1: signal 29 (SIGIO) received
2026/01/17 10:57:28 [notice] 1#1: signal 17 (SIGCHLD) received from 33
2026/01/17 10:57:28 [notice] 1#1: worker process 33 exited with code 0
2026/01/17 10:57:28 [notice] 1#1: signal 29 (SIGIO) received
2026/01/17 10:57:28 [notice] 1#1: signal 17 (SIGCHLD) received from 34
2026/01/17 10:57:28 [notice] 1#1: worker process 34 exited with code 0
2026/01/17 10:57:28 [notice] 1#1: signal 29 (SIGIO) received
2026/01/17 10:57:28 [notice] 1#1: signal 17 (SIGCHLD) received from 42
2026/01/17 10:57:28 [notice] 1#1: worker process 42 exited with code 0
2026/01/17 10:57:28 [notice] 1#1: signal 17 (SIGCHLD) received from 30
2026/01/17 10:57:28 [notice] 1#1: worker process 30 exited with code 0
2026/01/17 10:57:28 [notice] 1#1: signal 29 (SIGIO) received
2026/01/17 10:57:28 [notice] 1#1: signal 29 (SIGIO) received
2026/01/17 10:57:28 [notice] 1#1: signal 17 (SIGCHLD) received from 37
2026/01/17 10:57:28 [notice] 1#1: worker process 37 exited with code 0
2026/01/17 10:57:28 [notice] 1#1: signal 29 (SIGIO) received
2026/01/17 10:57:28 [notice] 1#1: signal 17 (SIGCHLD) received from 39
2026/01/17 10:57:28 [notice] 1#1: worker process 39 exited with code 0
2026/01/17 10:57:28 [notice] 1#1: worker process 44 exited with code 0
2026/01/17 10:57:28 [notice] 1#1: signal 29 (SIGIO) received
2026/01/17 10:57:28 [notice] 1#1: signal 17 (SIGCHLD) received from 35
2026/01/17 10:57:28 [notice] 1#1: worker process 35 exited with code 0
2026/01/17 10:57:28 [notice] 1#1: signal 29 (SIGIO) received
2026/01/17 10:57:28 [notice] 1#1: signal 17 (SIGCHLD) received from 38
2026/01/17 10:57:28 [notice] 1#1: worker process 38 exited with code 0
2026/01/17 10:57:28 [notice] 1#1: signal 29 (SIGIO) received
2026/01/17 10:57:28 [notice] 1#1: signal 17 (SIGCHLD) received from 41
2026/01/17 10:57:28 [notice] 1#1: worker process 41 exited with code 0
2026/01/17 10:57:28 [notice] 1#1: worker process 43 exited with code 0
2026/01/17 10:57:28 [notice] 1#1: signal 17 (SIGCHLD) received from 43
2026/01/17 10:57:28 [notice] 1#1: worker process 45 exited with code 0
2026/01/17 10:57:28 [notice] 1#1: exit
2026/01/17 10:57:49 [notice] 1#1: using the "epoll" event method
2026/01/17 10:57:49 [notice] 1#1: nginx/1.29.4
2026/01/17 10:57:49 [notice] 1#1: built by gcc 15.2.0 (Alpine 15.2.0) 
2026/01/17 10:57:49 [notice] 1#1: OS: Linux 6.18.5-arch1-1
2026/01/17 10:57:49 [notice] 1#1: getrlimit(RLIMIT_NOFILE): 1024:524288
2026/01/17 10:57:49 [notice] 1#1: start worker processes
2026/01/17 10:57:49 [notice] 1#1: start worker process 30
2026/01/17 10:57:49 [notice] 1#1: start worker process 31
2026/01/17 10:57:49 [notice] 1#1: start worker process 32
2026/01/17 10:57:49 [notice] 1#1: start worker process 33
2026/01/17 10:57:49 [notice] 1#1: start worker process 34
2026/01/17 10:57:49 [notice] 1#1: start worker process 35
2026/01/17 10:57:49 [notice] 1#1: start worker process 36
2026/01/17 10:57:49 [notice] 1#1: start worker process 37
2026/01/17 10:57:49 [notice] 1#1: start worker process 38
2026/01/17 10:57:49 [notice] 1#1: start worker process 39
2026/01/17 10:57:49 [notice] 1#1: start worker process 40
2026/01/17 10:57:49 [notice] 1#1: start worker process 41
2026/01/17 10:57:49 [notice] 1#1: start worker process 42
2026/01/17 10:57:49 [notice] 1#1: start worker process 43
2026/01/17 10:57:49 [notice] 1#1: start worker process 44
2026/01/17 10:57:49 [notice] 1#1: start worker process 45
2026/01/17 10:59:18 [notice] 1#1: signal 3 (SIGQUIT) received, shutting down
2026/01/17 10:59:18 [notice] 30#30: gracefully shutting down
2026/01/17 10:59:18 [notice] 31#31: gracefully shutting down
2026/01/17 10:59:18 [notice] 33#33: gracefully shutting down
2026/01/17 10:59:18 [notice] 35#35: gracefully shutting down
2026/01/17 10:59:18 [notice] 36#36: gracefully shutting down
2026/01/17 10:59:18 [notice] 34#34: gracefully shutting down
2026/01/17 10:59:18 [notice] 32#32: gracefully shutting down
2026/01/17 10:59:18 [notice] 30#30: exiting
2026/01/17 10:59:18 [notice] 31#31: exiting
2026/01/17 10:59:18 [notice] 38#38: gracefully shutting down
2026/01/17 10:59:18 [notice] 35#35: exiting
2026/01/17 10:59:18 [notice] 33#33: exiting
2026/01/17 10:59:18 [notice] 37#37: gracefully shutting down
2026/01/17 10:59:18 [notice] 36#36: exiting
2026/01/17 10:59:18 [notice] 40#40: gracefully shutting down
2026/01/17 10:59:18 [notice] 39#39: gracefully shutting down
2026/01/17 10:59:18 [notice] 34#34: exiting
2026/01/17 10:59:18 [notice] 41#41: gracefully shutting down
2026/01/17 10:59:18 [notice] 32#32: exiting
2026/01/17 10:59:18 [notice] 38#38: exiting
2026/01/17 10:59:18 [notice] 44#44: gracefully shutting down
2026/01/17 10:59:18 [notice] 37#37: exiting
2026/01/17 10:59:18 [notice] 42#42: gracefully shutting down
2026/01/17 10:59:18 [notice] 45#45: gracefully shutting down
2026/01/17 10:59:18 [notice] 40#40: exiting
2026/01/17 10:59:18 [notice] 39#39: exiting
2026/01/17 10:59:18 [notice] 41#41: exiting
2026/01/17 10:59:18 [notice] 44#44: exiting
2026/01/17 10:59:18 [notice] 42#42: exiting
2026/01/17 10:59:18 [notice] 45#45: exiting
2026/01/17 10:59:18 [notice] 36#36: exit
2026/01/17 10:59:18 [notice] 35#35: exit
2026/01/17 10:59:18 [notice] 31#31: exit
2026/01/17 10:59:18 [notice] 30#30: exit
2026/01/17 10:59:18 [notice] 38#38: exit
2026/01/17 10:59:18 [notice] 32#32: exit
2026/01/17 10:59:18 [notice] 33#33: exit
2026/01/17 10:59:18 [notice] 34#34: exit
2026/01/17 10:59:18 [notice] 41#41: exit
2026/01/17 10:59:18 [notice] 44#44: exit
2026/01/17 10:59:18 [notice] 40#40: exit
2026/01/17 10:59:18 [notice] 42#42: exit
2026/01/17 10:59:18 [notice] 39#39: exit
2026/01/17 10:59:18 [notice] 37#37: exit
2026/01/17 10:59:18 [notice] 45#45: exit
2026/01/17 10:59:18 [notice] 43#43: gracefully shutting down
2026/01/17 10:59:18 [notice] 43#43: exiting
2026/01/17 10:59:18 [notice] 43#43: exit
2026/01/17 10:59:18 [notice] 1#1: signal 17 (SIGCHLD) received from 42
2026/01/17 10:59:18 [notice] 1#1: worker process 42 exited with code 0
2026/01/17 10:59:18 [notice] 1#1: signal 29 (SIGIO) received
2026/01/17 10:59:18 [notice] 1#1: signal 17 (SIGCHLD) received from 43
2026/01/17 10:59:18 [notice] 1#1: worker process 43 exited with code 0
2026/01/17 10:59:18 [notice] 1#1: signal 29 (SIGIO) received
2026/01/17 10:59:18 [notice] 1#1: signal 17 (SIGCHLD) received from 33
2026/01/17 10:59:18 [notice] 1#1: worker process 33 exited with code 0
2026/01/17 10:59:18 [notice] 1#1: signal 29 (SIGIO) received
2026/01/17 10:59:18 [notice] 1#1: signal 17 (SIGCHLD) received from 32
2026/01/17 10:59:18 [notice] 1#1: worker process 32 exited with code 0
2026/01/17 10:59:18 [notice] 1#1: worker process 34 exited with code 0
2026/01/17 10:59:18 [notice] 1#1: worker process 36 exited with code 0
2026/01/17 10:59:18 [notice] 1#1: worker process 38 exited with code 0
2026/01/17 10:59:18 [notice] 1#1: signal 29 (SIGIO) received
2026/01/17 10:59:18 [notice] 1#1: signal 17 (SIGCHLD) received from 34
2026/01/17 10:59:18 [notice] 1#1: signal 17 (SIGCHLD) received from 41
2026/01/17 10:59:18 [notice] 1#1: worker process 41 exited with code 0
2026/01/17 10:59:18 [notice] 1#1: signal 29 (SIGIO) received
2026/01/17 10:59:18 [notice] 1#1: signal 17 (SIGCHLD) received from 35
2026/01/17 10:59:18 [notice] 1#1: worker process 35 exited with code 0
2026/01/17 10:59:18 [notice] 1#1: worker process 37 exited with code 0
2026/01/17 10:59:18 [notice] 1#1: worker process 31 exited with code 0
2026/01/17 10:59:18 [notice] 1#1: signal 29 (SIGIO) received
2026/01/17 10:59:18 [notice] 1#1: signal 17 (SIGCHLD) received from 37
2026/01/17 10:59:18 [notice] 1#1: worker process 40 exited with code 0
2026/01/17 10:59:18 [notice] 1#1: signal 29 (SIGIO) received
2026/01/17 10:59:18 [notice] 1#1: signal 17 (SIGCHLD) received from 39
2026/01/17 10:59:18 [notice] 1#1: worker process 39 exited with code 0
2026/01/17 10:59:18 [notice] 1#1: worker process 44 exited with code 0
2026/01/17 10:59:18 [notice] 1#1: signal 29 (SIGIO) received
2026/01/17 10:59:18 [notice] 1#1: signal 17 (SIGCHLD) received from 44
2026/01/17 10:59:18 [notice] 1#1: signal 17 (SIGCHLD) received from 45
2026/01/17 10:59:18 [notice] 1#1: worker process 45 exited with code 0
2026/01/17 10:59:18 [notice] 1#1: signal 29 (SIGIO) received
2026/01/17 10:59:18 [notice] 1#1: signal 17 (SIGCHLD) received from 30
2026/01/17 10:59:18 [notice] 1#1: worker process 30 exited with code 0
2026/01/17 10:59:18 [notice] 1#1: exit
2026/01/17 10:59:41 [notice] 1#1: using the "epoll" event method
2026/01/17 10:59:41 [notice] 1#1: nginx/1.29.4
2026/01/17 10:59:41 [notice] 1#1: built by gcc 15.2.0 (Alpine 15.2.0) 
2026/01/17 10:59:41 [notice] 1#1: OS: Linux 6.18.5-arch1-1
2026/01/17 10:59:41 [notice] 1#1: getrlimit(RLIMIT_NOFILE): 1024:524288
2026/01/17 10:59:41 [notice] 1#1: start worker processes
2026/01/17 10:59:41 [notice] 1#1: start worker process 30
2026/01/17 10:59:41 [notice] 1#1: start worker process 31
2026/01/17 10:59:41 [notice] 1#1: start worker process 32
2026/01/17 10:59:41 [notice] 1#1: start worker process 33
2026/01/17 10:59:41 [notice] 1#1: start worker process 34
2026/01/17 10:59:41 [notice] 1#1: start worker process 35
2026/01/17 10:59:41 [notice] 1#1: start worker process 36
2026/01/17 10:59:41 [notice] 1#1: start worker process 37
2026/01/17 10:59:41 [notice] 1#1: start worker process 38
2026/01/17 10:59:41 [notice] 1#1: start worker process 39
2026/01/17 10:59:41 [notice] 1#1: start worker process 40
2026/01/17 10:59:41 [notice] 1#1: start worker process 41
2026/01/17 10:59:41 [notice] 1#1: start worker process 42
2026/01/17 10:59:41 [notice] 1#1: start worker process 43
2026/01/17 10:59:41 [notice] 1#1: start worker process 44
2026/01/17 10:59:41 [notice] 1#1: start worker process 45
2026/01/17 11:02:02 [notice] 1#1: signal 3 (SIGQUIT) received, shutting down
2026/01/17 11:02:02 [notice] 30#30: gracefully shutting down
2026/01/17 11:02:02 [notice] 30#30: exiting
2026/01/17 11:02:02 [notice] 31#31: gracefully shutting down
2026/01/17 11:02:02 [notice] 36#36: gracefully shutting down
2026/01/17 11:02:02 [notice] 38#38: gracefully shutting down
2026/01/17 11:02:02 [notice] 31#31: exiting
2026/01/17 11:02:02 [notice] 41#41: gracefully shutting down
2026/01/17 11:02:02 [notice] 39#39: gracefully shutting down
2026/01/17 11:02:02 [notice] 40#40: gracefully shutting down
2026/01/17 11:02:02 [notice] 32#32: gracefully shutting down
2026/01/17 11:02:02 [notice] 35#35: gracefully shutting down
2026/01/17 11:02:02 [notice] 36#36: exiting
2026/01/17 11:02:02 [notice] 44#44: gracefully shutting down
2026/01/17 11:02:02 [notice] 38#38: exiting
2026/01/17 11:02:02 [notice] 45#45: gracefully shutting down
2026/01/17 11:02:02 [notice] 41#41: exiting
2026/01/17 11:02:02 [notice] 39#39: exiting
2026/01/17 11:02:02 [notice] 32#32: exiting
2026/01/17 11:02:02 [notice] 40#40: exiting
2026/01/17 11:02:02 [notice] 35#35: exiting
2026/01/17 11:02:02 [notice] 44#44: exiting
2026/01/17 11:02:02 [notice] 45#45: exiting
2026/01/17 11:02:02 [notice] 30#30: exit
2026/01/17 11:02:02 [notice] 32#32: exit
2026/01/17 11:02:02 [notice] 31#31: exit
2026/01/17 11:02:02 [notice] 36#36: exit
2026/01/17 11:02:02 [notice] 39#39: exit
2026/01/17 11:02:02 [notice] 41#41: exit
2026/01/17 11:02:02 [notice] 40#40: exit
2026/01/17 11:02:02 [notice] 38#38: exit
2026/01/17 11:02:02 [notice] 45#45: exit
2026/01/17 11:02:02 [notice] 35#35: exit
2026/01/17 11:02:02 [notice] 44#44: exit
2026/01/17 11:02:02 [notice] 33#33: gracefully shutting down
2026/01/17 11:02:02 [notice] 33#33: exiting
2026/01/17 11:02:02 [notice] 33#33: exit
2026/01/17 11:02:02 [notice] 34#34: gracefully shutting down
2026/01/17 11:02:02 [notice] 43#43: gracefully shutting down
2026/01/17 11:02:02 [notice] 34#34: exiting
2026/01/17 11:02:02 [notice] 43#43: exiting
2026/01/17 11:02:02 [notice] 43#43: exit
2026/01/17 11:02:02 [notice] 34#34: exit
2026/01/17 11:02:02 [notice] 37#37: gracefully shutting down
2026/01/17 11:02:02 [notice] 37#37: exiting
2026/01/17 11:02:02 [notice] 37#37: exit
2026/01/17 11:02:02 [notice] 42#42: gracefully shutting down
2026/01/17 11:02:02 [notice] 42#42: exiting
2026/01/17 11:02:02 [notice] 42#42: exit
2026/01/17 11:02:02 [notice] 1#1: signal 17 (SIGCHLD) received from 30
2026/01/17 11:02:02 [notice] 1#1: worker process 30 exited with code 0
2026/01/17 11:02:02 [notice] 1#1: signal 29 (SIGIO) received
2026/01/17 11:02:02 [notice] 1#1: signal 17 (SIGCHLD) received from 43
2026/01/17 11:02:02 [notice] 1#1: worker process 43 exited with code 0
2026/01/17 11:02:02 [notice] 1#1: signal 29 (SIGIO) received
2026/01/17 11:02:02 [notice] 1#1: signal 17 (SIGCHLD) received from 32
2026/01/17 11:02:02 [notice] 1#1: worker process 32 exited with code 0
2026/01/17 11:02:02 [notice] 1#1: worker process 42 exited with code 0
2026/01/17 11:02:02 [notice] 1#1: signal 29 (SIGIO) received
2026/01/17 11:02:02 [notice] 1#1: signal 17 (SIGCHLD) received from 39
2026/01/17 11:02:02 [notice] 1#1: worker process 39 exited with code 0
2026/01/17 11:02:02 [notice] 1#1: signal 29 (SIGIO) received
2026/01/17 11:02:02 [notice] 1#1: signal 17 (SIGCHLD) received from 35
2026/01/17 11:02:02 [notice] 1#1: worker process 35 exited with code 0
2026/01/17 11:02:02 [notice] 1#1: signal 29 (SIGIO) received
2026/01/17 11:02:02 [notice] 1#1: signal 17 (SIGCHLD) received from 44
2026/01/17 11:02:02 [notice] 1#1: worker process 44 exited with code 0
2026/01/17 11:02:02 [notice] 1#1: signal 29 (SIGIO) received
2026/01/17 11:02:02 [notice] 1#1: signal 17 (SIGCHLD) received from 41
2026/01/17 11:02:02 [notice] 1#1: worker process 41 exited with code 0
2026/01/17 11:02:02 [notice] 1#1: signal 29 (SIGIO) received
2026/01/17 11:02:02 [notice] 1#1: signal 17 (SIGCHLD) received from 31
2026/01/17 11:02:02 [notice] 1#1: worker process 31 exited with code 0
2026/01/17 11:02:02 [notice] 1#1: signal 29 (SIGIO) received
2026/01/17 11:02:02 [notice] 1#1: signal 17 (SIGCHLD) received from 36
2026/01/17 11:02:02 [notice] 1#1: worker process 36 exited with code 0
2026/01/17 11:02:02 [notice] 1#1: signal 29 (SIGIO) received
2026/01/17 11:02:02 [notice] 1#1: signal 17 (SIGCHLD) received from 40
2026/01/17 11:02:02 [notice] 1#1: worker process 40 exited with code 0
2026/01/17 11:02:02 [notice] 1#1: signal 29 (SIGIO) received
2026/01/17 11:02:02 [notice] 1#1: signal 17 (SIGCHLD) received from 34
2026/01/17 11:02:02 [notice] 1#1: worker process 34 exited with code 0
2026/01/17 11:02:02 [notice] 1#1: signal 29 (SIGIO) received
2026/01/17 11:02:02 [notice] 1#1: signal 17 (SIGCHLD) received from 37
2026/01/17 11:02:02 [notice] 1#1: worker process 37 exited with code 0
2026/01/17 11:02:02 [notice] 1#1: signal 29 (SIGIO) received
2026/01/17 11:02:02 [notice] 1#1: signal 17 (SIGCHLD) received from 33
2026/01/17 11:02:02 [notice] 1#1: worker process 33 exited with code 0
2026/01/17 11:02:02 [notice] 1#1: signal 29 (SIGIO) received
2026/01/17 11:02:02 [notice] 1#1: signal 17 (SIGCHLD) received from 38
2026/01/17 11:02:02 [notice] 1#1: worker process 38 exited with code 0
2026/01/17 11:02:02 [notice] 1#1: signal 29 (SIGIO) received
2026/01/17 11:02:02 [notice] 1#1: signal 17 (SIGCHLD) received from 45
2026/01/17 11:02:02 [notice] 1#1: worker process 45 exited with code 0
2026/01/17 11:02:02 [notice] 1#1: exit
2026/01/17 11:02:04 [notice] 1#1: using the "epoll" event method
2026/01/17 11:02:04 [notice] 1#1: nginx/1.29.4
2026/01/17 11:02:04 [notice] 1#1: built by gcc 15.2.0 (Alpine 15.2.0) 
2026/01/17 11:02:04 [notice] 1#1: OS: Linux 6.18.5-arch1-1
2026/01/17 11:02:04 [notice] 1#1: getrlimit(RLIMIT_NOFILE): 1024:524288
2026/01/17 11:02:04 [notice] 1#1: start worker processes
2026/01/17 11:02:04 [notice] 1#1: start worker process 30
2026/01/17 11:02:04 [notice] 1#1: start worker process 31
2026/01/17 11:02:04 [notice] 1#1: start worker process 32
2026/01/17 11:02:04 [notice] 1#1: start worker process 33
2026/01/17 11:02:04 [notice] 1#1: start worker process 34
2026/01/17 11:02:04 [notice] 1#1: start worker process 35
2026/01/17 11:02:04 [notice] 1#1: start worker process 36
2026/01/17 11:02:04 [notice] 1#1: start worker process 37
2026/01/17 11:02:04 [notice] 1#1: start worker process 38
2026/01/17 11:02:04 [notice] 1#1: start worker process 39
2026/01/17 11:02:04 [notice] 1#1: start worker process 40
2026/01/17 11:02:04 [notice] 1#1: start worker process 41
2026/01/17 11:02:04 [notice] 1#1: start worker process 42
2026/01/17 11:02:04 [notice] 1#1: start worker process 43
2026/01/17 11:02:04 [notice] 1#1: start worker process 44
2026/01/17 11:02:04 [notice] 1#1: start worker process 45
2026/01/17 11:03:16 [error] 30#30: *2 directory index of "/usr/share/nginx/html/" is forbidden, client: 192.168.1.36, server: localhost, request: "GET / HTTP/1.1", host: "192.168.1.77"
2026/01/17 11:03:16 [error] 30#30: *2 open() "/usr/share/nginx/html/favicon.ico" failed (2: No such file or directory), client: 192.168.1.36, server: localhost, request: "GET /favicon.ico HTTP/1.1", host: "192.168.1.77", referrer: "http://192.168.1.77/"
2026/01/17 11:03:25 [error] 30#30: *2 directory index of "/usr/share/nginx/html/" is forbidden, client: 192.168.1.36, server: localhost, request: "GET / HTTP/1.1", host: "192.168.1.77"
2026/01/17 11:03:26 [error] 30#30: *2 directory index of "/usr/share/nginx/html/" is forbidden, client: 192.168.1.36, server: localhost, request: "GET / HTTP/1.1", host: "192.168.1.77"
2026/01/17 11:03:27 [error] 30#30: *2 directory index of "/usr/share/nginx/html/" is forbidden, client: 192.168.1.36, server: localhost, request: "GET / HTTP/1.1", host: "192.168.1.77"
2026/01/17 11:03:55 [error] 31#31: *3 directory index of "/usr/share/nginx/html/" is forbidden, client: 192.168.1.78, server: localhost, request: "GET / HTTP/1.1", host: "192.168.1.77"
2026/01/17 11:03:55 [error] 31#31: *3 open() "/usr/share/nginx/html/favicon.ico" failed (2: No such file or directory), client: 192.168.1.78, server: localhost, request: "GET /favicon.ico HTTP/1.1", host: "192.168.1.77", referrer: "http://192.168.1.77/"
2026/01/17 11:07:11 [notice] 1#1: signal 3 (SIGQUIT) received, shutting down
2026/01/17 11:07:11 [notice] 30#30: gracefully shutting down
2026/01/17 11:07:11 [notice] 31#31: gracefully shutting down
2026/01/17 11:07:11 [notice] 33#33: gracefully shutting down
2026/01/17 11:07:11 [notice] 35#35: gracefully shutting down
2026/01/17 11:07:11 [notice] 30#30: exiting
2026/01/17 11:07:11 [notice] 34#34: gracefully shutting down
2026/01/17 11:07:11 [notice] 32#32: gracefully shutting down
2026/01/17 11:07:11 [notice] 31#31: exiting
2026/01/17 11:07:11 [notice] 36#36: gracefully shutting down
2026/01/17 11:07:11 [notice] 38#38: gracefully shutting down
2026/01/17 11:07:11 [notice] 33#33: exiting
2026/01/17 11:07:11 [notice] 35#35: exiting
2026/01/17 11:07:11 [notice] 34#34: exiting
2026/01/17 11:07:11 [notice] 37#37: gracefully shutting down
2026/01/17 11:07:11 [notice] 39#39: gracefully shutting down
2026/01/17 11:07:11 [notice] 40#40: gracefully shutting down
2026/01/17 11:07:11 [notice] 32#32: exiting
2026/01/17 11:07:11 [notice] 42#42: gracefully shutting down
2026/01/17 11:07:11 [notice] 38#38: exiting
2026/01/17 11:07:11 [notice] 36#36: exiting
2026/01/17 11:07:11 [notice] 37#37: exiting
2026/01/17 11:07:11 [notice] 39#39: exiting
2026/01/17 11:07:11 [notice] 41#41: gracefully shutting down
2026/01/17 11:07:11 [notice] 40#40: exiting
2026/01/17 11:07:11 [notice] 42#42: exiting
2026/01/17 11:07:11 [notice] 41#41: exiting
2026/01/17 11:07:11 [notice] 30#30: exit
2026/01/17 11:07:11 [notice] 34#34: exit
2026/01/17 11:07:11 [notice] 33#33: exit
2026/01/17 11:07:11 [notice] 31#31: exit
2026/01/17 11:07:11 [notice] 35#35: exit
2026/01/17 11:07:11 [notice] 38#38: exit
2026/01/17 11:07:11 [notice] 39#39: exit
2026/01/17 11:07:11 [notice] 32#32: exit
2026/01/17 11:07:11 [notice] 42#42: exit
2026/01/17 11:07:11 [notice] 37#37: exit
2026/01/17 11:07:11 [notice] 36#36: exit
2026/01/17 11:07:11 [notice] 40#40: exit
2026/01/17 11:07:11 [notice] 41#41: exit
2026/01/17 11:07:11 [notice] 43#43: gracefully shutting down
2026/01/17 11:07:11 [notice] 43#43: exiting
2026/01/17 11:07:11 [notice] 43#43: exit
2026/01/17 11:07:11 [notice] 44#44: gracefully shutting down
2026/01/17 11:07:11 [notice] 44#44: exiting
2026/01/17 11:07:11 [notice] 44#44: exit
2026/01/17 11:07:11 [notice] 45#45: gracefully shutting down
2026/01/17 11:07:11 [notice] 45#45: exiting
2026/01/17 11:07:11 [notice] 45#45: exit
2026/01/17 11:07:11 [notice] 1#1: signal 17 (SIGCHLD) received from 43
2026/01/17 11:07:11 [notice] 1#1: worker process 43 exited with code 0
2026/01/17 11:07:11 [notice] 1#1: worker process 41 exited with code 0
2026/01/17 11:07:11 [notice] 1#1: signal 29 (SIGIO) received
2026/01/17 11:07:11 [notice] 1#1: signal 17 (SIGCHLD) received from 41
2026/01/17 11:07:11 [notice] 1#1: worker process 33 exited with code 0
2026/01/17 11:07:11 [notice] 1#1: signal 29 (SIGIO) received
2026/01/17 11:07:11 [notice] 1#1: signal 17 (SIGCHLD) received from 38
2026/01/17 11:07:11 [notice] 1#1: worker process 34 exited with code 0
2026/01/17 11:07:11 [notice] 1#1: worker process 38 exited with code 0
2026/01/17 11:07:11 [notice] 1#1: worker process 39 exited with code 0
2026/01/17 11:07:11 [notice] 1#1: worker process 40 exited with code 0
2026/01/17 11:07:11 [notice] 1#1: worker process 42 exited with code 0
2026/01/17 11:07:11 [notice] 1#1: signal 29 (SIGIO) received
2026/01/17 11:07:11 [notice] 1#1: signal 17 (SIGCHLD) received from 32
2026/01/17 11:07:11 [notice] 1#1: worker process 32 exited with code 0
2026/01/17 11:07:11 [notice] 1#1: signal 29 (SIGIO) received
2026/01/17 11:07:11 [notice] 1#1: signal 17 (SIGCHLD) received from 37
2026/01/17 11:07:11 [notice] 1#1: worker process 37 exited with code 0
2026/01/17 11:07:11 [notice] 1#1: signal 29 (SIGIO) received
2026/01/17 11:07:11 [notice] 1#1: signal 17 (SIGCHLD) received from 36
2026/01/17 11:07:11 [notice] 1#1: worker process 36 exited with code 0
2026/01/17 11:07:11 [notice] 1#1: worker process 44 exited with code 0
2026/01/17 11:07:11 [notice] 1#1: signal 29 (SIGIO) received
2026/01/17 11:07:11 [notice] 1#1: signal 17 (SIGCHLD) received from 35
2026/01/17 11:07:11 [notice] 1#1: worker process 35 exited with code 0
2026/01/17 11:07:11 [notice] 1#1: signal 29 (SIGIO) received
2026/01/17 11:07:11 [notice] 1#1: signal 17 (SIGCHLD) received from 31
2026/01/17 11:07:11 [notice] 1#1: worker process 31 exited with code 0
2026/01/17 11:07:11 [notice] 1#1: signal 29 (SIGIO) received
2026/01/17 11:07:11 [notice] 1#1: signal 17 (SIGCHLD) received from 30
2026/01/17 11:07:11 [notice] 1#1: worker process 30 exited with code 0
2026/01/17 11:07:11 [notice] 1#1: signal 29 (SIGIO) received
2026/01/17 11:07:11 [notice] 1#1: signal 17 (SIGCHLD) received from 45
2026/01/17 11:07:11 [notice] 1#1: worker process 45 exited with code 0
2026/01/17 11:07:11 [notice] 1#1: exit
2026/01/17 11:08:06 [notice] 1#1: using the "epoll" event method
2026/01/17 11:08:06 [notice] 1#1: nginx/1.29.4
2026/01/17 11:08:06 [notice] 1#1: built by gcc 15.2.0 (Alpine 15.2.0) 
2026/01/17 11:08:06 [notice] 1#1: OS: Linux 6.18.5-arch1-1
2026/01/17 11:08:06 [notice] 1#1: getrlimit(RLIMIT_NOFILE): 1024:524288
2026/01/17 11:08:06 [notice] 1#1: start worker processes
2026/01/17 11:08:06 [notice] 1#1: start worker process 30
2026/01/17 11:08:06 [notice] 1#1: start worker process 31
2026/01/17 11:08:06 [notice] 1#1: start worker process 32
2026/01/17 11:08:06 [notice] 1#1: start worker process 33
2026/01/17 11:08:06 [notice] 1#1: start worker process 34
2026/01/17 11:08:06 [notice] 1#1: start worker process 35
2026/01/17 11:08:06 [notice] 1#1: start worker process 36
2026/01/17 11:08:06 [notice] 1#1: start worker process 37
2026/01/17 11:08:06 [notice] 1#1: start worker process 38
2026/01/17 11:08:06 [notice] 1#1: start worker process 39
2026/01/17 11:08:06 [notice] 1#1: start worker process 40
2026/01/17 11:08:06 [notice] 1#1: start worker process 41
2026/01/17 11:08:06 [notice] 1#1: start worker process 42
2026/01/17 11:08:06 [notice] 1#1: start worker process 43
2026/01/17 11:08:06 [notice] 1#1: start worker process 44
2026/01/17 11:08:06 [notice] 1#1: start worker process 45
2026/01/17 11:09:59 [notice] 1#1: signal 3 (SIGQUIT) received, shutting down
2026/01/17 11:09:59 [notice] 31#31: gracefully shutting down
2026/01/17 11:09:59 [notice] 30#30: gracefully shutting down
2026/01/17 11:09:59 [notice] 33#33: gracefully shutting down
2026/01/17 11:09:59 [notice] 32#32: gracefully shutting down
2026/01/17 11:09:59 [notice] 34#34: gracefully shutting down
2026/01/17 11:09:59 [notice] 36#36: gracefully shutting down
2026/01/17 11:09:59 [notice] 31#31: exiting
2026/01/17 11:09:59 [notice] 37#37: gracefully shutting down
2026/01/17 11:09:59 [notice] 33#33: exiting
2026/01/17 11:09:59 [notice] 40#40: gracefully shutting down
2026/01/17 11:09:59 [notice] 30#30: exiting
2026/01/17 11:09:59 [notice] 35#35: gracefully shutting down
2026/01/17 11:09:59 [notice] 39#39: gracefully shutting down
2026/01/17 11:09:59 [notice] 38#38: gracefully shutting down
2026/01/17 11:09:59 [notice] 32#32: exiting
2026/01/17 11:09:59 [notice] 34#34: exiting
2026/01/17 11:09:59 [notice] 36#36: exiting
2026/01/17 11:09:59 [notice] 37#37: exiting
2026/01/17 11:09:59 [notice] 40#40: exiting
2026/01/17 11:09:59 [notice] 41#41: gracefully shutting down
2026/01/17 11:09:59 [notice] 42#42: gracefully shutting down
2026/01/17 11:09:59 [notice] 35#35: exiting
2026/01/17 11:09:59 [notice] 39#39: exiting
2026/01/17 11:09:59 [notice] 38#38: exiting
2026/01/17 11:09:59 [notice] 44#44: gracefully shutting down
2026/01/17 11:09:59 [notice] 41#41: exiting
2026/01/17 11:09:59 [notice] 42#42: exiting
2026/01/17 11:09:59 [notice] 44#44: exiting
2026/01/17 11:09:59 [notice] 43#43: gracefully shutting down
2026/01/17 11:09:59 [notice] 43#43: exiting
2026/01/17 11:09:59 [notice] 33#33: exit
2026/01/17 11:09:59 [notice] 31#31: exit
2026/01/17 11:09:59 [notice] 45#45: gracefully shutting down
2026/01/17 11:09:59 [notice] 34#34: exit
2026/01/17 11:09:59 [notice] 30#30: exit
2026/01/17 11:09:59 [notice] 32#32: exit
2026/01/17 11:09:59 [notice] 40#40: exit
2026/01/17 11:09:59 [notice] 41#41: exit
2026/01/17 11:09:59 [notice] 44#44: exit
2026/01/17 11:09:59 [notice] 45#45: exiting
2026/01/17 11:09:59 [notice] 36#36: exit
2026/01/17 11:09:59 [notice] 39#39: exit
2026/01/17 11:09:59 [notice] 43#43: exit
2026/01/17 11:09:59 [notice] 35#35: exit
2026/01/17 11:09:59 [notice] 37#37: exit
2026/01/17 11:09:59 [notice] 45#45: exit
2026/01/17 11:09:59 [notice] 38#38: exit
2026/01/17 11:09:59 [notice] 42#42: exit
2026/01/17 11:09:59 [notice] 1#1: signal 17 (SIGCHLD) received from 44
2026/01/17 11:09:59 [notice] 1#1: worker process 44 exited with code 0
2026/01/17 11:09:59 [notice] 1#1: signal 29 (SIGIO) received
2026/01/17 11:09:59 [notice] 1#1: signal 17 (SIGCHLD) received from 35
2026/01/17 11:09:59 [notice] 1#1: worker process 35 exited with code 0
2026/01/17 11:09:59 [notice] 1#1: worker process 37 exited with code 0
2026/01/17 11:09:59 [notice] 1#1: signal 29 (SIGIO) received
2026/01/17 11:09:59 [notice] 1#1: signal 17 (SIGCHLD) received from 37
2026/01/17 11:09:59 [notice] 1#1: worker process 31 exited with code 0
2026/01/17 11:09:59 [notice] 1#1: worker process 38 exited with code 0
2026/01/17 11:09:59 [notice] 1#1: worker process 43 exited with code 0
2026/01/17 11:09:59 [notice] 1#1: signal 29 (SIGIO) received
2026/01/17 11:09:59 [notice] 1#1: signal 17 (SIGCHLD) received from 39
2026/01/17 11:09:59 [notice] 1#1: worker process 39 exited with code 0
2026/01/17 11:09:59 [notice] 1#1: signal 29 (SIGIO) received
2026/01/17 11:09:59 [notice] 1#1: signal 17 (SIGCHLD) received from 32
2026/01/17 11:09:59 [notice] 1#1: worker process 32 exited with code 0
2026/01/17 11:09:59 [notice] 1#1: signal 29 (SIGIO) received
2026/01/17 11:09:59 [notice] 1#1: signal 17 (SIGCHLD) received from 36
2026/01/17 11:09:59 [notice] 1#1: worker process 36 exited with code 0
2026/01/17 11:09:59 [notice] 1#1: signal 29 (SIGIO) received
2026/01/17 11:09:59 [notice] 1#1: signal 17 (SIGCHLD) received from 45
2026/01/17 11:09:59 [notice] 1#1: worker process 30 exited with code 0
2026/01/17 11:09:59 [notice] 1#1: worker process 40 exited with code 0
2026/01/17 11:09:59 [notice] 1#1: worker process 45 exited with code 0
2026/01/17 11:09:59 [notice] 1#1: signal 29 (SIGIO) received
2026/01/17 11:09:59 [notice] 1#1: signal 17 (SIGCHLD) received from 40
2026/01/17 11:09:59 [notice] 1#1: signal 17 (SIGCHLD) received from 33
2026/01/17 11:09:59 [notice] 1#1: worker process 33 exited with code 0
2026/01/17 11:09:59 [notice] 1#1: worker process 41 exited with code 0
2026/01/17 11:09:59 [notice] 1#1: signal 29 (SIGIO) received
2026/01/17 11:09:59 [notice] 1#1: signal 17 (SIGCHLD) received from 41
2026/01/17 11:09:59 [notice] 1#1: signal 17 (SIGCHLD) received from 42
2026/01/17 11:09:59 [notice] 1#1: worker process 42 exited with code 0
2026/01/17 11:09:59 [notice] 1#1: signal 29 (SIGIO) received
2026/01/17 11:09:59 [notice] 1#1: signal 17 (SIGCHLD) received from 34
2026/01/17 11:09:59 [notice] 1#1: worker process 34 exited with code 0
2026/01/17 11:09:59 [notice] 1#1: exit
